INFO: Found elm at /usr/local/bin/elm
INFO: Found elm 0.19.0
INFO: Found elm-format at /usr/local/bin/elm-format
INFO: Found elm-format 0.8.0
INFO: Cleaning ./elm-stuff before upgrading
INFO: Converting elm-package.json -> elm.json
INFO: Detected an application project (this project has no exposed modules)
INFO: Switching from elm-lang/animation-frame (deprecated) to elm/browser
INFO: Installing latest version of elm/browser
INFO: Switching from elm-lang/core (deprecated) to elm/core
INFO: Installing latest version of elm/core
INFO: Detected use of elm-lang/core#Random; installing elm/random
INFO: Detected use of elm-lang/core#Time; installing elm/time
INFO: Switching from elm-lang/html (deprecated) to elm/html
INFO: Installing latest version of elm/html
INFO: Switching from elm-lang/keyboard (deprecated) to elm/browser
INFO: Installing latest version of elm/browser
INFO: Upgrading *.elm files in src/


SUCCESS! Your project's dependencies and code have been upgraded.
However, your project may not yet compile due to API changes in your
dependencies.

See <https://github.com/elm/compiler/blob/master/upgrade-docs/0.19.md>
and the documentation for your dependencies for more information.

Here are some common upgrade steps that you will need to do manually:

- elm/browser
  - [ ] Change code using AnimationFrame.* to use Browser.Events.onAnimationFrame*
- elm/core
  - [ ] Replace uses of toString with String.fromInt, String.fromFloat, or Debug.toString as appropriate
- undefined
  - [ ] Read the new documentation here: https://package.elm-lang.org/packages/elm/time/latest/
  - [ ] Replace uses of Date and Time with Time.Posix
- elm/html
  - [ ] If you used Html.program*, install elm/browser and switch to Browser.element or Browser.document
  - [ ] If you used Html.beginnerProgram, install elm/browser and switch Browser.sandbox

